18-Apr-2018 16:54:23.600 信息 [main] org.apache.catalina.core.ApplicationContext.log No Spring WebApplicationInitializer types detected on classpath
18-Apr-2018 16:54:23.632 信息 [main] org.apache.catalina.core.ApplicationContext.log Set web app root system property: 'xxl-job-admin' = [E:\软件\apache-tomcat-9.0.7\webapps\xxl-job-admin-1.9.1\]
18-Apr-2018 16:54:23.816 信息 [main] org.apache.catalina.core.ApplicationContext.log Initializing Spring root WebApplicationContext
18-Apr-2018 16:54:29.658 信息 [main] org.apache.catalina.core.ApplicationContext.log Initializing Spring FrameworkServlet 'springmvc'
18-Apr-2018 16:54:32.218 信息 [main] org.apache.catalina.core.ApplicationContext.log ContextListener: contextInitialized()
18-Apr-2018 16:54:32.218 信息 [main] org.apache.catalina.core.ApplicationContext.log SessionListener: contextInitialized()
18-Apr-2018 16:54:32.222 信息 [main] org.apache.catalina.core.ApplicationContext.log ContextListener: attributeAdded('StockTicker', 'async.Stockticker@685783b1')
18-Apr-2018 16:56:16.475 信息 [Thread-12] org.apache.catalina.core.ApplicationContext.log Destroying Spring FrameworkServlet 'springmvc'
18-Apr-2018 16:56:16.495 信息 [Thread-12] org.apache.catalina.core.ApplicationContext.log Closing Spring root WebApplicationContext
18-Apr-2018 16:56:16.584 信息 [Thread-12] org.apache.catalina.core.ApplicationContext.log Shutting down log4j
18-Apr-2018 16:56:16.664 信息 [Thread-12] org.apache.catalina.core.ApplicationContext.log SessionListener: contextDestroyed()
18-Apr-2018 16:56:16.665 信息 [Thread-12] org.apache.catalina.core.ApplicationContext.log ContextListener: contextDestroyed()
18-Apr-2018 16:56:31.006 信息 [main] org.apache.catalina.core.ApplicationContext.log No Spring WebApplicationInitializer types detected on classpath
18-Apr-2018 16:56:31.028 信息 [main] org.apache.catalina.core.ApplicationContext.log Set web app root system property: 'xxl-job-admin' = [E:\软件\apache-tomcat-9.0.7\webapps\xxl-job-admin-1.9.1\]
18-Apr-2018 16:56:31.184 信息 [main] org.apache.catalina.core.ApplicationContext.log Initializing Spring root WebApplicationContext
18-Apr-2018 16:56:34.260 信息 [main] org.apache.catalina.core.ApplicationContext.log Initializing Spring FrameworkServlet 'springmvc'
18-Apr-2018 16:56:36.242 信息 [main] org.apache.catalina.core.ApplicationContext.log ContextListener: contextInitialized()
18-Apr-2018 16:56:36.242 信息 [main] org.apache.catalina.core.ApplicationContext.log SessionListener: contextInitialized()
18-Apr-2018 16:56:36.244 信息 [main] org.apache.catalina.core.ApplicationContext.log ContextListener: attributeAdded('StockTicker', 'async.Stockticker@524ba12b')
18-Apr-2018 17:00:44.185 信息 [Thread-12] org.apache.catalina.core.ApplicationContext.log Destroying Spring FrameworkServlet 'springmvc'
18-Apr-2018 17:00:44.216 信息 [Thread-12] org.apache.catalina.core.ApplicationContext.log Closing Spring root WebApplicationContext
18-Apr-2018 17:00:44.246 信息 [Thread-12] org.apache.catalina.core.ApplicationContext.log Shutting down log4j
18-Apr-2018 17:00:44.343 信息 [Thread-12] org.apache.catalina.core.ApplicationContext.log SessionListener: contextDestroyed()
18-Apr-2018 17:00:44.343 信息 [Thread-12] org.apache.catalina.core.ApplicationContext.log ContextListener: contextDestroyed()
18-Apr-2018 17:01:15.329 信息 [main] org.apache.catalina.core.ApplicationContext.log No Spring WebApplicationInitializer types detected on classpath
18-Apr-2018 17:01:15.348 信息 [main] org.apache.catalina.core.ApplicationContext.log Set web app root system property: 'xxl-job-admin' = [E:\软件\apache-tomcat-9.0.7\webapps\xxl-job-admin-1.9.1\]
18-Apr-2018 17:01:15.492 信息 [main] org.apache.catalina.core.ApplicationContext.log Initializing Spring root WebApplicationContext
18-Apr-2018 17:01:19.321 信息 [main] org.apache.catalina.core.ApplicationContext.log Initializing Spring FrameworkServlet 'springmvc'
18-Apr-2018 17:01:20.974 信息 [main] org.apache.catalina.core.ApplicationContext.log ContextListener: contextInitialized()
18-Apr-2018 17:01:20.974 信息 [main] org.apache.catalina.core.ApplicationContext.log SessionListener: contextInitialized()
18-Apr-2018 17:01:20.976 信息 [main] org.apache.catalina.core.ApplicationContext.log ContextListener: attributeAdded('StockTicker', 'async.Stockticker@524ba12b')
18-Apr-2018 17:02:20.295 信息 [main] org.apache.catalina.core.ApplicationContext.log No Spring WebApplicationInitializer types detected on classpath
18-Apr-2018 17:02:20.322 信息 [main] org.apache.catalina.core.ApplicationContext.log Set web app root system property: 'xxl-job-admin' = [E:\apache-tomcat-9.0.7\webapps\xxl-job-admin-1.9.1\]
18-Apr-2018 17:02:20.509 信息 [main] org.apache.catalina.core.ApplicationContext.log Initializing Spring root WebApplicationContext
18-Apr-2018 17:02:23.844 信息 [main] org.apache.catalina.core.ApplicationContext.log Initializing Spring FrameworkServlet 'springmvc'
18-Apr-2018 17:02:25.792 信息 [main] org.apache.catalina.core.ApplicationContext.log ContextListener: contextInitialized()
18-Apr-2018 17:02:25.792 信息 [main] org.apache.catalina.core.ApplicationContext.log SessionListener: contextInitialized()
18-Apr-2018 17:02:25.794 信息 [main] org.apache.catalina.core.ApplicationContext.log ContextListener: attributeAdded('StockTicker', 'async.Stockticker@54b1ba04')
